[0.991s] DEBUG:colcon:Command line arguments: ['/usr/bin/colcon', 'build', '--packages-select', 'lamapf_and_gazebo']
[0.991s] DEBUG:colcon:Parsed command line arguments: Namespace(log_base=None, log_level=None, verb_name='build', build_base='build', install_base='install', merge_install=False, symlink_install=False, test_result_base=None, continue_on_error=False, executor='parallel', parallel_workers=8, event_handlers=None, ignore_user_meta=False, metas=['./colcon.meta'], base_paths=['.'], packages_ignore=None, packages_ignore_regex=None, paths=None, packages_up_to=None, packages_up_to_regex=None, packages_above=None, packages_above_and_dependencies=None, packages_above_depth=None, packages_select_by_dep=None, packages_skip_by_dep=None, packages_skip_up_to=None, packages_select_build_failed=False, packages_skip_build_finished=False, packages_select_test_failures=False, packages_skip_test_passed=False, packages_select=['lamapf_and_gazebo'], packages_skip=None, packages_select_regex=None, packages_skip_regex=None, packages_start=None, packages_end=None, allow_overriding=[], cmake_args=None, cmake_target=None, cmake_target_skip_unavailable=False, cmake_clean_cache=False, cmake_clean_first=False, cmake_force_configure=False, ament_cmake_args=None, catkin_cmake_args=None, catkin_skip_building_tests=False, mixin_files=None, mixin=None, verb_parser=<colcon_mixin.mixin.mixin_argument.MixinArgumentDecorator object at 0x7a6f1efb13a0>, verb_extension=<colcon_core.verb.build.BuildVerb object at 0x7a6f1efb1010>, main=<bound method BuildVerb.main of <colcon_core.verb.build.BuildVerb object at 0x7a6f1efb1010>>, mixin_verb=('build',))
[1.140s] Level 1:colcon.colcon_core.package_discovery:discover_packages(colcon_meta) check parameters
[1.140s] Level 1:colcon.colcon_core.package_discovery:discover_packages(recursive) check parameters
[1.141s] Level 1:colcon.colcon_core.package_discovery:discover_packages(ignore) check parameters
[1.141s] Level 1:colcon.colcon_core.package_discovery:discover_packages(path) check parameters
[1.141s] Level 1:colcon.colcon_core.package_discovery:discover_packages(colcon_meta) discover
[1.141s] Level 1:colcon.colcon_core.package_discovery:discover_packages(recursive) discover
[1.141s] INFO:colcon.colcon_core.package_discovery:Crawling recursively for packages in '/home/yaozhuo/code/ros2_ws/src/lamapf_and_gazebo'
[1.141s] Level 1:colcon.colcon_core.package_identification:_identify(.) by extensions ['ignore', 'ignore_ament_install']
[1.142s] Level 1:colcon.colcon_core.package_identification:_identify(.) by extension 'ignore'
[1.142s] Level 1:colcon.colcon_core.package_identification:_identify(.) by extension 'ignore_ament_install'
[1.142s] Level 1:colcon.colcon_core.package_identification:_identify(.) by extensions ['colcon_pkg']
[1.142s] Level 1:colcon.colcon_core.package_identification:_identify(.) by extension 'colcon_pkg'
[1.142s] Level 1:colcon.colcon_core.package_identification:_identify(.) by extensions ['colcon_meta']
[1.142s] Level 1:colcon.colcon_core.package_identification:_identify(.) by extension 'colcon_meta'
[1.142s] Level 1:colcon.colcon_core.package_identification:_identify(.) by extensions ['ros']
[1.143s] Level 1:colcon.colcon_core.package_identification:_identify(.) by extension 'ros'
[1.259s] DEBUG:colcon.colcon_core.package_identification:Package '.' with type 'ros.ament_cmake' and name 'lamapf_and_gazebo'
[1.259s] Level 1:colcon.colcon_core.package_discovery:discover_packages(recursive) using defaults
[1.259s] Level 1:colcon.colcon_core.package_discovery:discover_packages(ignore) discover
[1.259s] Level 1:colcon.colcon_core.package_discovery:discover_packages(ignore) using defaults
[1.259s] Level 1:colcon.colcon_core.package_discovery:discover_packages(path) discover
[1.259s] Level 1:colcon.colcon_core.package_discovery:discover_packages(path) using defaults
[1.333s] Level 1:colcon.colcon_core.package_discovery:discover_packages(prefix_path) check parameters
[1.333s] Level 1:colcon.colcon_core.package_discovery:discover_packages(prefix_path) discover
[1.345s] DEBUG:colcon.colcon_installed_package_information.package_discovery:Found 48 installed packages in /home/yaozhuo/code/ros2_ws/install
[1.348s] DEBUG:colcon.colcon_installed_package_information.package_discovery:Found 455 installed packages in /opt/ros/jazzy
[1.350s] Level 1:colcon.colcon_core.package_discovery:discover_packages(prefix_path) using defaults
[1.558s] Level 5:colcon.colcon_core.verb:set package 'lamapf_and_gazebo' build argument 'cmake_args' from command line to 'None'
[1.558s] Level 5:colcon.colcon_core.verb:set package 'lamapf_and_gazebo' build argument 'cmake_target' from command line to 'None'
[1.558s] Level 5:colcon.colcon_core.verb:set package 'lamapf_and_gazebo' build argument 'cmake_target_skip_unavailable' from command line to 'False'
[1.558s] Level 5:colcon.colcon_core.verb:set package 'lamapf_and_gazebo' build argument 'cmake_clean_cache' from command line to 'False'
[1.558s] Level 5:colcon.colcon_core.verb:set package 'lamapf_and_gazebo' build argument 'cmake_clean_first' from command line to 'False'
[1.558s] Level 5:colcon.colcon_core.verb:set package 'lamapf_and_gazebo' build argument 'cmake_force_configure' from command line to 'False'
[1.558s] Level 5:colcon.colcon_core.verb:set package 'lamapf_and_gazebo' build argument 'ament_cmake_args' from command line to 'None'
[1.558s] Level 5:colcon.colcon_core.verb:set package 'lamapf_and_gazebo' build argument 'catkin_cmake_args' from command line to 'None'
[1.558s] Level 5:colcon.colcon_core.verb:set package 'lamapf_and_gazebo' build argument 'catkin_skip_building_tests' from command line to 'False'
[1.558s] DEBUG:colcon.colcon_core.verb:Building package 'lamapf_and_gazebo' with the following arguments: {'ament_cmake_args': None, 'build_base': '/home/yaozhuo/code/ros2_ws/src/lamapf_and_gazebo/build/lamapf_and_gazebo', 'catkin_cmake_args': None, 'catkin_skip_building_tests': False, 'cmake_args': None, 'cmake_clean_cache': False, 'cmake_clean_first': False, 'cmake_force_configure': False, 'cmake_target': None, 'cmake_target_skip_unavailable': False, 'install_base': '/home/yaozhuo/code/ros2_ws/src/lamapf_and_gazebo/install/lamapf_and_gazebo', 'merge_install': False, 'path': '/home/yaozhuo/code/ros2_ws/src/lamapf_and_gazebo', 'symlink_install': False, 'test_result_base': None}
[1.558s] INFO:colcon.colcon_core.executor:Executing jobs using 'parallel' executor
[1.559s] DEBUG:colcon.colcon_parallel_executor.executor.parallel:run_until_complete
[1.559s] INFO:colcon.colcon_ros.task.ament_cmake.build:Building ROS package in '/home/yaozhuo/code/ros2_ws/src/lamapf_and_gazebo' with build type 'ament_cmake'
[1.559s] INFO:colcon.colcon_cmake.task.cmake.build:Building CMake package in '/home/yaozhuo/code/ros2_ws/src/lamapf_and_gazebo'
[1.605s] INFO:colcon.colcon_core.plugin_system:Skipping extension 'colcon_core.shell.bat': Not used on non-Windows systems
[1.605s] INFO:colcon.colcon_core.shell:Skip shell extension 'powershell' for command environment: Not usable outside of PowerShell
[1.605s] DEBUG:colcon.colcon_core.shell:Skip shell extension 'dsv' for command environment
[1.617s] DEBUG:colcon.colcon_core.event_handler.log_command:Invoking command in '/home/yaozhuo/code/ros2_ws/src/lamapf_and_gazebo/build/lamapf_and_gazebo': CMAKE_PREFIX_PATH=${CMAKE_PREFIX_PATH}:/opt/ros/jazzy DEBUGINFOD_URLS=https://debuginfod.ubuntu.com /usr/local/bin/cmake /home/yaozhuo/code/ros2_ws/src/lamapf_and_gazebo -DCMAKE_INSTALL_PREFIX=/home/yaozhuo/code/ros2_ws/src/lamapf_and_gazebo/install/lamapf_and_gazebo
[6.151s] DEBUG:colcon.colcon_core.event_handler.log_command:Invoked command in '/home/yaozhuo/code/ros2_ws/src/lamapf_and_gazebo/build/lamapf_and_gazebo' returned '0': CMAKE_PREFIX_PATH=${CMAKE_PREFIX_PATH}:/opt/ros/jazzy DEBUGINFOD_URLS=https://debuginfod.ubuntu.com /usr/local/bin/cmake /home/yaozhuo/code/ros2_ws/src/lamapf_and_gazebo -DCMAKE_INSTALL_PREFIX=/home/yaozhuo/code/ros2_ws/src/lamapf_and_gazebo/install/lamapf_and_gazebo
[6.152s] DEBUG:colcon.colcon_core.event_handler.log_command:Invoking command in '/home/yaozhuo/code/ros2_ws/src/lamapf_and_gazebo/build/lamapf_and_gazebo': CMAKE_PREFIX_PATH=${CMAKE_PREFIX_PATH}:/opt/ros/jazzy DEBUGINFOD_URLS=https://debuginfod.ubuntu.com /usr/local/bin/cmake --build /home/yaozhuo/code/ros2_ws/src/lamapf_and_gazebo/build/lamapf_and_gazebo -- -j8 -l8
[67.424s] DEBUG:colcon.colcon_core.event_handler.log_command:Invoked command in '/home/yaozhuo/code/ros2_ws/src/lamapf_and_gazebo/build/lamapf_and_gazebo' returned '0': CMAKE_PREFIX_PATH=${CMAKE_PREFIX_PATH}:/opt/ros/jazzy DEBUGINFOD_URLS=https://debuginfod.ubuntu.com /usr/local/bin/cmake --build /home/yaozhuo/code/ros2_ws/src/lamapf_and_gazebo/build/lamapf_and_gazebo -- -j8 -l8
[67.461s] DEBUG:colcon.colcon_core.event_handler.log_command:Invoking command in '/home/yaozhuo/code/ros2_ws/src/lamapf_and_gazebo/build/lamapf_and_gazebo': CMAKE_PREFIX_PATH=${CMAKE_PREFIX_PATH}:/opt/ros/jazzy DEBUGINFOD_URLS=https://debuginfod.ubuntu.com /usr/local/bin/cmake --install /home/yaozhuo/code/ros2_ws/src/lamapf_and_gazebo/build/lamapf_and_gazebo
[67.556s] Level 1:colcon.colcon_core.environment:create_environment_scripts_only(lamapf_and_gazebo)
[67.557s] DEBUG:colcon.colcon_core.event_handler.log_command:Invoked command in '/home/yaozhuo/code/ros2_ws/src/lamapf_and_gazebo/build/lamapf_and_gazebo' returned '0': CMAKE_PREFIX_PATH=${CMAKE_PREFIX_PATH}:/opt/ros/jazzy DEBUGINFOD_URLS=https://debuginfod.ubuntu.com /usr/local/bin/cmake --install /home/yaozhuo/code/ros2_ws/src/lamapf_and_gazebo/build/lamapf_and_gazebo
[67.583s] Level 1:colcon.colcon_core.environment:checking '/home/yaozhuo/code/ros2_ws/src/lamapf_and_gazebo/install/lamapf_and_gazebo' for CMake module files
[67.584s] Level 1:colcon.colcon_core.environment:checking '/home/yaozhuo/code/ros2_ws/src/lamapf_and_gazebo/install/lamapf_and_gazebo' for CMake config files
[67.584s] Level 1:colcon.colcon_core.shell:create_environment_hook('lamapf_and_gazebo', 'cmake_prefix_path')
[67.584s] INFO:colcon.colcon_core.shell:Creating environment hook '/home/yaozhuo/code/ros2_ws/src/lamapf_and_gazebo/install/lamapf_and_gazebo/share/lamapf_and_gazebo/hook/cmake_prefix_path.ps1'
[67.589s] INFO:colcon.colcon_core.shell:Creating environment descriptor '/home/yaozhuo/code/ros2_ws/src/lamapf_and_gazebo/install/lamapf_and_gazebo/share/lamapf_and_gazebo/hook/cmake_prefix_path.dsv'
[67.590s] INFO:colcon.colcon_core.shell:Creating environment hook '/home/yaozhuo/code/ros2_ws/src/lamapf_and_gazebo/install/lamapf_and_gazebo/share/lamapf_and_gazebo/hook/cmake_prefix_path.sh'
[67.592s] Level 1:colcon.colcon_core.environment:checking '/home/yaozhuo/code/ros2_ws/src/lamapf_and_gazebo/install/lamapf_and_gazebo/lib'
[67.592s] Level 1:colcon.colcon_core.environment:checking '/home/yaozhuo/code/ros2_ws/src/lamapf_and_gazebo/install/lamapf_and_gazebo/bin'
[67.592s] Level 1:colcon.colcon_core.environment:checking '/home/yaozhuo/code/ros2_ws/src/lamapf_and_gazebo/install/lamapf_and_gazebo/lib/pkgconfig/lamapf_and_gazebo.pc'
[67.592s] Level 1:colcon.colcon_core.environment:checking '/home/yaozhuo/code/ros2_ws/src/lamapf_and_gazebo/install/lamapf_and_gazebo/lib/python3.12/site-packages'
[67.592s] Level 1:colcon.colcon_core.environment:checking '/home/yaozhuo/code/ros2_ws/src/lamapf_and_gazebo/install/lamapf_and_gazebo/bin'
[67.593s] INFO:colcon.colcon_core.shell:Creating package script '/home/yaozhuo/code/ros2_ws/src/lamapf_and_gazebo/install/lamapf_and_gazebo/share/lamapf_and_gazebo/package.ps1'
[67.594s] INFO:colcon.colcon_core.shell:Creating package descriptor '/home/yaozhuo/code/ros2_ws/src/lamapf_and_gazebo/install/lamapf_and_gazebo/share/lamapf_and_gazebo/package.dsv'
[67.597s] INFO:colcon.colcon_core.shell:Creating package script '/home/yaozhuo/code/ros2_ws/src/lamapf_and_gazebo/install/lamapf_and_gazebo/share/lamapf_and_gazebo/package.sh'
[67.599s] INFO:colcon.colcon_core.shell:Creating package script '/home/yaozhuo/code/ros2_ws/src/lamapf_and_gazebo/install/lamapf_and_gazebo/share/lamapf_and_gazebo/package.bash'
[67.601s] INFO:colcon.colcon_core.shell:Creating package script '/home/yaozhuo/code/ros2_ws/src/lamapf_and_gazebo/install/lamapf_and_gazebo/share/lamapf_and_gazebo/package.zsh'
[67.603s] Level 1:colcon.colcon_core.environment:create_file_with_runtime_dependencies(/home/yaozhuo/code/ros2_ws/src/lamapf_and_gazebo/install/lamapf_and_gazebo/share/colcon-core/packages/lamapf_and_gazebo)
[67.604s] Level 1:colcon.colcon_core.environment:create_environment_scripts_only(lamapf_and_gazebo)
[67.604s] Level 1:colcon.colcon_core.environment:checking '/home/yaozhuo/code/ros2_ws/src/lamapf_and_gazebo/install/lamapf_and_gazebo' for CMake module files
[67.605s] Level 1:colcon.colcon_core.environment:checking '/home/yaozhuo/code/ros2_ws/src/lamapf_and_gazebo/install/lamapf_and_gazebo' for CMake config files
[67.605s] Level 1:colcon.colcon_core.shell:create_environment_hook('lamapf_and_gazebo', 'cmake_prefix_path')
[67.605s] INFO:colcon.colcon_core.shell:Creating environment hook '/home/yaozhuo/code/ros2_ws/src/lamapf_and_gazebo/install/lamapf_and_gazebo/share/lamapf_and_gazebo/hook/cmake_prefix_path.ps1'
[67.605s] INFO:colcon.colcon_core.shell:Creating environment descriptor '/home/yaozhuo/code/ros2_ws/src/lamapf_and_gazebo/install/lamapf_and_gazebo/share/lamapf_and_gazebo/hook/cmake_prefix_path.dsv'
[67.606s] INFO:colcon.colcon_core.shell:Creating environment hook '/home/yaozhuo/code/ros2_ws/src/lamapf_and_gazebo/install/lamapf_and_gazebo/share/lamapf_and_gazebo/hook/cmake_prefix_path.sh'
[67.606s] Level 1:colcon.colcon_core.environment:checking '/home/yaozhuo/code/ros2_ws/src/lamapf_and_gazebo/install/lamapf_and_gazebo/lib'
[67.606s] Level 1:colcon.colcon_core.environment:checking '/home/yaozhuo/code/ros2_ws/src/lamapf_and_gazebo/install/lamapf_and_gazebo/bin'
[67.607s] Level 1:colcon.colcon_core.environment:checking '/home/yaozhuo/code/ros2_ws/src/lamapf_and_gazebo/install/lamapf_and_gazebo/lib/pkgconfig/lamapf_and_gazebo.pc'
[67.607s] Level 1:colcon.colcon_core.environment:checking '/home/yaozhuo/code/ros2_ws/src/lamapf_and_gazebo/install/lamapf_and_gazebo/lib/python3.12/site-packages'
[67.607s] Level 1:colcon.colcon_core.environment:checking '/home/yaozhuo/code/ros2_ws/src/lamapf_and_gazebo/install/lamapf_and_gazebo/bin'
[67.607s] INFO:colcon.colcon_core.shell:Creating package script '/home/yaozhuo/code/ros2_ws/src/lamapf_and_gazebo/install/lamapf_and_gazebo/share/lamapf_and_gazebo/package.ps1'
[67.608s] INFO:colcon.colcon_core.shell:Creating package descriptor '/home/yaozhuo/code/ros2_ws/src/lamapf_and_gazebo/install/lamapf_and_gazebo/share/lamapf_and_gazebo/package.dsv'
[67.608s] INFO:colcon.colcon_core.shell:Creating package script '/home/yaozhuo/code/ros2_ws/src/lamapf_and_gazebo/install/lamapf_and_gazebo/share/lamapf_and_gazebo/package.sh'
[67.609s] INFO:colcon.colcon_core.shell:Creating package script '/home/yaozhuo/code/ros2_ws/src/lamapf_and_gazebo/install/lamapf_and_gazebo/share/lamapf_and_gazebo/package.bash'
[67.609s] INFO:colcon.colcon_core.shell:Creating package script '/home/yaozhuo/code/ros2_ws/src/lamapf_and_gazebo/install/lamapf_and_gazebo/share/lamapf_and_gazebo/package.zsh'
[67.610s] Level 1:colcon.colcon_core.environment:create_file_with_runtime_dependencies(/home/yaozhuo/code/ros2_ws/src/lamapf_and_gazebo/install/lamapf_and_gazebo/share/colcon-core/packages/lamapf_and_gazebo)
[67.610s] DEBUG:colcon.colcon_parallel_executor.executor.parallel:closing loop
[67.612s] DEBUG:colcon.colcon_parallel_executor.executor.parallel:loop closed
[67.612s] DEBUG:colcon.colcon_parallel_executor.executor.parallel:run_until_complete finished with '0'
[67.612s] DEBUG:colcon.colcon_core.event_reactor:joining thread
[67.809s] INFO:colcon.colcon_core.plugin_system:Skipping extension 'colcon_notification.desktop_notification.terminal_notifier': Not used on non-Darwin systems
[67.809s] INFO:colcon.colcon_core.plugin_system:Skipping extension 'colcon_notification.desktop_notification.win32': Not used on non-Windows systems
[67.809s] INFO:colcon.colcon_notification.desktop_notification:Sending desktop notification using 'notify2'
[67.877s] DEBUG:colcon.colcon_core.event_reactor:joined thread
[67.878s] INFO:colcon.colcon_core.shell:Creating prefix script '/home/yaozhuo/code/ros2_ws/src/lamapf_and_gazebo/install/local_setup.ps1'
[67.880s] INFO:colcon.colcon_core.shell:Creating prefix util module '/home/yaozhuo/code/ros2_ws/src/lamapf_and_gazebo/install/_local_setup_util_ps1.py'
[67.883s] INFO:colcon.colcon_core.shell:Creating prefix chain script '/home/yaozhuo/code/ros2_ws/src/lamapf_and_gazebo/install/setup.ps1'
[67.901s] INFO:colcon.colcon_core.shell:Creating prefix script '/home/yaozhuo/code/ros2_ws/src/lamapf_and_gazebo/install/local_setup.sh'
[67.902s] INFO:colcon.colcon_core.shell:Creating prefix util module '/home/yaozhuo/code/ros2_ws/src/lamapf_and_gazebo/install/_local_setup_util_sh.py'
[67.903s] INFO:colcon.colcon_core.shell:Creating prefix chain script '/home/yaozhuo/code/ros2_ws/src/lamapf_and_gazebo/install/setup.sh'
[67.907s] INFO:colcon.colcon_core.shell:Creating prefix script '/home/yaozhuo/code/ros2_ws/src/lamapf_and_gazebo/install/local_setup.bash'
[67.908s] INFO:colcon.colcon_core.shell:Creating prefix chain script '/home/yaozhuo/code/ros2_ws/src/lamapf_and_gazebo/install/setup.bash'
[67.911s] INFO:colcon.colcon_core.shell:Creating prefix script '/home/yaozhuo/code/ros2_ws/src/lamapf_and_gazebo/install/local_setup.zsh'
[67.912s] INFO:colcon.colcon_core.shell:Creating prefix chain script '/home/yaozhuo/code/ros2_ws/src/lamapf_and_gazebo/install/setup.zsh'
